# JRE version: OpenJDK Runtime Environment (21.0.7) (build 21.0.7+-13880790-b1038.58)
# Java VM: OpenJDK 64-Bit Server VM (21.0.7+-13880790-b1038.58, mixed mode, tiered, compressed oops, compressed class ptrs, g1 gc, windows-amd64)
GC Precious Log:
 CardTable entry size: 512
 Card Set container configuration: InlinePtr #cards 4 size 8 Array Of Cards #cards 32 size 80 Howl #buckets 8 coarsen threshold 7372 Howl Bitmap #cards 1024 size 144 coarsen threshold 921 Card regions per heap region 1 cards per card region 8192
 CPUs: 8 total, 8 available
 Memory: 7915M
 Large Page Support: Disabled
 NUMA Support: Disabled
 Compressed Oops: Enabled (Zero based)
 Heap Region Size: 4M
 Heap Min Capacity: 8M
 Heap Initial Capacity: 124M
 Heap Max Capacity: 8G
 Pre-touch: Disabled
 Parallel Workers: 8
 Concurrent Workers: 2
 Concurrent Refinement Workers: 8
 Periodic GC: Disabled
Heap:
 garbage-first heap   total 118784K, used 80969K [0x0000000600000000, 0x0000000800000000)
  region size 4096K, 12 young (49152K), 2 survivors (8192K)
 Metaspace       used 66696K, committed 68480K, reserved 1114112K
  class space    used 9367K, committed 10240K, reserved 1048576K
GC Heap History (20 events):
Event: 1.302 GC heap before
{Heap before GC invocations=2 (full 0):
 garbage-first heap   total 126976K, used 56851K [0x0000000600000000, 0x0000000800000000)
  region size 4096K, 13 young (53248K), 2 survivors (8192K)
 Metaspace       used 14700K, committed 14912K, reserved 1114112K
  class space    used 1624K, committed 1728K, reserved 1048576K
}
Event: 1.310 GC heap after
{Heap after GC invocations=3 (full 0):
 garbage-first heap   total 126976K, used 18092K [0x0000000600000000, 0x0000000800000000)
  region size 4096K, 2 young (8192K), 2 survivors (8192K)
 Metaspace       used 14700K, committed 14912K, reserved 1114112K
  class space    used 1624K, committed 1728K, reserved 1048576K
}
Event: 1.708 GC heap before
{Heap before GC invocations=3 (full 0):
 garbage-first heap   total 126976K, used 38572K [0x0000000600000000, 0x0000000800000000)
  region size 4096K, 8 young (32768K), 2 survivors (8192K)
 Metaspace       used 21208K, committed 21504K, reserved 1114112K
  class space    used 2497K, committed 2624K, reserved 1048576K
}
Event: 1.711 GC heap after
{Heap after GC invocations=4 (full 0):
 garbage-first heap   total 126976K, used 20647K [0x0000000600000000, 0x0000000800000000)
  region size 4096K, 3 young (12288K), 3 survivors (12288K)
 Metaspace       used 21208K, committed 21504K, reserved 1114112K
  class space    used 2497K, committed 2624K, reserved 1048576K
}
Event: 2.450 GC heap before
{Heap before GC invocations=5 (full 0):
 garbage-first heap   total 81920K, used 77991K [0x0000000600000000, 0x0000000800000000)
  region size 4096K, 17 young (69632K), 3 survivors (12288K)
 Metaspace       used 30414K, committed 31040K, reserved 1114112K
  class space    used 3990K, committed 4288K, reserved 1048576K
}
Event: 2.456 GC heap after
{Heap after GC invocations=6 (full 0):
 garbage-first heap   total 98304K, used 24120K [0x0000000600000000, 0x0000000800000000)
  region size 4096K, 2 young (8192K), 2 survivors (8192K)
 Metaspace       used 30414K, committed 31040K, reserved 1114112K
  class space    used 3990K, committed 4288K, reserved 1048576K
}
Event: 2.928 GC heap before
{Heap before GC invocations=6 (full 0):
 garbage-first heap   total 98304K, used 56888K [0x0000000600000000, 0x0000000800000000)
  region size 4096K, 11 young (45056K), 2 survivors (8192K)
 Metaspace       used 35163K, committed 35968K, reserved 1114112K
  class space    used 4797K, committed 5184K, reserved 1048576K
}
Event: 2.934 GC heap after
{Heap after GC invocations=7 (full 0):
 garbage-first heap   total 98304K, used 26088K [0x0000000600000000, 0x0000000800000000)
  region size 4096K, 2 young (8192K), 2 survivors (8192K)
 Metaspace       used 35163K, committed 35968K, reserved 1114112K
  class space    used 4797K, committed 5184K, reserved 1048576K
}
Event: 2.961 GC heap before
{Heap before GC invocations=7 (full 0):
 garbage-first heap   total 98304K, used 26088K [0x0000000600000000, 0x0000000800000000)
  region size 4096K, 3 young (12288K), 2 survivors (8192K)
 Metaspace       used 35466K, committed 36288K, reserved 1114112K
  class space    used 4824K, committed 5184K, reserved 1048576K
}
Event: 2.964 GC heap after
{Heap after GC invocations=8 (full 0):
 garbage-first heap   total 98304K, used 26128K [0x0000000600000000, 0x0000000800000000)
  region size 4096K, 1 young (4096K), 1 survivors (4096K)
 Metaspace       used 35466K, committed 36288K, reserved 1114112K
  class space    used 4824K, committed 5184K, reserved 1048576K
}
Event: 3.783 GC heap before
{Heap before GC invocations=9 (full 0):
 garbage-first heap   total 98304K, used 79376K [0x0000000600000000, 0x0000000800000000)
  region size 4096K, 14 young (57344K), 1 survivors (4096K)
 Metaspace       used 44823K, committed 45760K, reserved 1114112K
  class space    used 6004K, committed 6464K, reserved 1048576K
}
Event: 3.788 GC heap after
{Heap after GC invocations=10 (full 0):
 garbage-first heap   total 118784K, used 30999K [0x0000000600000000, 0x0000000800000000)
  region size 4096K, 2 young (8192K), 2 survivors (8192K)
 Metaspace       used 44823K, committed 45760K, reserved 1114112K
  class space    used 6004K, committed 6464K, reserved 1048576K
}
Event: 4.232 GC heap before
{Heap before GC invocations=10 (full 0):
 garbage-first heap   total 118784K, used 88343K [0x0000000600000000, 0x0000000800000000)
  region size 4096K, 17 young (69632K), 2 survivors (8192K)
 Metaspace       used 49506K, committed 50560K, reserved 1114112K
  class space    used 6511K, committed 7040K, reserved 1048576K
}
Event: 4.239 GC heap after
{Heap after GC invocations=11 (full 0):
 garbage-first heap   total 118784K, used 33475K [0x0000000600000000, 0x0000000800000000)
  region size 4096K, 2 young (8192K), 2 survivors (8192K)
 Metaspace       used 49506K, committed 50560K, reserved 1114112K
  class space    used 6511K, committed 7040K, reserved 1048576K
}
Event: 4.917 GC heap before
{Heap before GC invocations=11 (full 0):
 garbage-first heap   total 118784K, used 94915K [0x0000000600000000, 0x0000000800000000)
  region size 4096K, 17 young (69632K), 2 survivors (8192K)
 Metaspace       used 55801K, committed 57280K, reserved 1114112K
  class space    used 7576K, committed 8256K, reserved 1048576K
}
Event: 4.923 GC heap after
{Heap after GC invocations=12 (full 0):
 garbage-first heap   total 118784K, used 37585K [0x0000000600000000, 0x0000000800000000)
  region size 4096K, 2 young (8192K), 2 survivors (8192K)
 Metaspace       used 55801K, committed 57280K, reserved 1114112K
  class space    used 7576K, committed 8256K, reserved 1048576K
}
Event: 5.460 GC heap before
{Heap before GC invocations=12 (full 0):
 garbage-first heap   total 118784K, used 86737K [0x0000000600000000, 0x0000000800000000)
  region size 4096K, 15 young (61440K), 2 survivors (8192K)
 Metaspace       used 59089K, committed 60608K, reserved 1114112K
  class space    used 8146K, committed 8896K, reserved 1048576K
}
Event: 5.467 GC heap after
{Heap after GC invocations=13 (full 0):
 garbage-first heap   total 118784K, used 40038K [0x0000000600000000, 0x0000000800000000)
  region size 4096K, 2 young (8192K), 2 survivors (8192K)
 Metaspace       used 59089K, committed 60608K, reserved 1114112K
  class space    used 8146K, committed 8896K, reserved 1048576K
}
Event: 6.600 GC heap before
{Heap before GC invocations=14 (full 0):
 garbage-first heap   total 118784K, used 97382K [0x0000000600000000, 0x0000000800000000)
  region size 4096K, 16 young (65536K), 2 survivors (8192K)
 Metaspace       used 63198K, committed 64832K, reserved 1114112K
  class space    used 8756K, committed 9536K, reserved 1048576K
}
Event: 6.610 GC heap after
{Heap after GC invocations=15 (full 0):
 garbage-first heap   total 118784K, used 44105K [0x0000000600000000, 0x0000000800000000)
  region size 4096K, 2 young (8192K), 2 survivors (8192K)
 Metaspace       used 63198K, committed 64832K, reserved 1114112K
  class space    used 8756K, committed 9536K, reserved 1048576K
}

