# JRE version: OpenJDK Runtime Environment (21.0.7) (build 21.0.7+-13880790-b1038.58)
# Java VM: OpenJDK 64-Bit Server VM (21.0.7+-13880790-b1038.58, mixed mode, tiered, compressed oops, compressed class ptrs, g1 gc, windows-amd64)
GC Precious Log:
 CardTable entry size: 512
 Card Set container configuration: InlinePtr #cards 4 size 8 Array Of Cards #cards 32 size 80 Howl #buckets 8 coarsen threshold 7372 Howl Bitmap #cards 1024 size 144 coarsen threshold 921 Card regions per heap region 1 cards per card region 8192
 CPUs: 8 total, 8 available
 Memory: 7915M
 Large Page Support: Disabled
 NUMA Support: Disabled
 Compressed Oops: Enabled (Zero based)
 Heap Region Size: 4M
 Heap Min Capacity: 8M
 Heap Initial Capacity: 124M
 Heap Max Capacity: 8G
 Pre-touch: Disabled
 Parallel Workers: 8
 Concurrent Workers: 2
 Concurrent Refinement Workers: 8
 Periodic GC: Disabled
Heap:
 garbage-first heap   total 135168K, used 81693K [0x0000000600000000, 0x0000000800000000)
  region size 4096K, 9 young (36864K), 2 survivors (8192K)
 Metaspace       used 78546K, committed 80192K, reserved 1179648K
  class space    used 10800K, committed 11584K, reserved 1048576K
GC Heap History (20 events):
Event: 3.868 GC heap before
{Heap before GC invocations=10 (full 0):
 garbage-first heap   total 110592K, used 77140K [0x0000000600000000, 0x0000000800000000)
  region size 4096K, 14 young (57344K), 2 survivors (8192K)
 Metaspace       used 46664K, committed 47616K, reserved 1114112K
  class space    used 6399K, committed 6848K, reserved 1048576K
}
Event: 3.874 GC heap after
{Heap after GC invocations=11 (full 0):
 garbage-first heap   total 110592K, used 33357K [0x0000000600000000, 0x0000000800000000)
  region size 4096K, 2 young (8192K), 2 survivors (8192K)
 Metaspace       used 46664K, committed 47616K, reserved 1114112K
  class space    used 6399K, committed 6848K, reserved 1048576K
}
Event: 4.584 GC heap before
{Heap before GC invocations=11 (full 0):
 garbage-first heap   total 110592K, used 82509K [0x0000000600000000, 0x0000000800000000)
  region size 4096K, 15 young (61440K), 2 survivors (8192K)
 Metaspace       used 55153K, committed 56256K, reserved 1114112K
  class space    used 7378K, committed 7936K, reserved 1048576K
}
Event: 4.591 GC heap after
{Heap after GC invocations=12 (full 0):
 garbage-first heap   total 110592K, used 38893K [0x0000000600000000, 0x0000000800000000)
  region size 4096K, 2 young (8192K), 2 survivors (8192K)
 Metaspace       used 55153K, committed 56256K, reserved 1114112K
  class space    used 7378K, committed 7936K, reserved 1048576K
}
Event: 4.792 GC heap before
{Heap before GC invocations=12 (full 0):
 garbage-first heap   total 110592K, used 88045K [0x0000000600000000, 0x0000000800000000)
  region size 4096K, 14 young (57344K), 2 survivors (8192K)
 Metaspace       used 55318K, committed 56384K, reserved 1114112K
  class space    used 7394K, committed 7936K, reserved 1048576K
}
Event: 4.800 GC heap after
{Heap after GC invocations=13 (full 0):
 garbage-first heap   total 110592K, used 42864K [0x0000000600000000, 0x0000000800000000)
  region size 4096K, 1 young (4096K), 1 survivors (4096K)
 Metaspace       used 55318K, committed 56384K, reserved 1114112K
  class space    used 7394K, committed 7936K, reserved 1048576K
}
Event: 4.902 GC heap before
{Heap before GC invocations=13 (full 0):
 garbage-first heap   total 110592K, used 92016K [0x0000000600000000, 0x0000000800000000)
  region size 4096K, 13 young (53248K), 1 survivors (4096K)
 Metaspace       used 55322K, committed 56384K, reserved 1114112K
  class space    used 7394K, committed 7936K, reserved 1048576K
}
Event: 4.907 GC heap after
{Heap after GC invocations=14 (full 0):
 garbage-first heap   total 135168K, used 44873K [0x0000000600000000, 0x0000000800000000)
  region size 4096K, 2 young (8192K), 2 survivors (8192K)
 Metaspace       used 55322K, committed 56384K, reserved 1114112K
  class space    used 7394K, committed 7936K, reserved 1048576K
}
Event: 5.146 GC heap before
{Heap before GC invocations=14 (full 0):
 garbage-first heap   total 135168K, used 110409K [0x0000000600000000, 0x0000000800000000)
  region size 4096K, 18 young (73728K), 2 survivors (8192K)
 Metaspace       used 55620K, committed 56704K, reserved 1114112K
  class space    used 7419K, committed 7936K, reserved 1048576K
}
Event: 5.151 GC heap after
{Heap after GC invocations=15 (full 0):
 garbage-first heap   total 135168K, used 47347K [0x0000000600000000, 0x0000000800000000)
  region size 4096K, 3 young (12288K), 3 survivors (12288K)
 Metaspace       used 55620K, committed 56704K, reserved 1114112K
  class space    used 7419K, committed 7936K, reserved 1048576K
}
Event: 5.937 GC heap before
{Heap before GC invocations=15 (full 0):
 garbage-first heap   total 135168K, used 104691K [0x0000000600000000, 0x0000000800000000)
  region size 4096K, 17 young (69632K), 3 survivors (12288K)
 Metaspace       used 59100K, committed 60288K, reserved 1114112K
  class space    used 7782K, committed 8320K, reserved 1048576K
}
Event: 5.945 GC heap after
{Heap after GC invocations=16 (full 0):
 garbage-first heap   total 135168K, used 49805K [0x0000000600000000, 0x0000000800000000)
  region size 4096K, 2 young (8192K), 2 survivors (8192K)
 Metaspace       used 59100K, committed 60288K, reserved 1114112K
  class space    used 7782K, committed 8320K, reserved 1048576K
}
Event: 6.064 GC heap before
{Heap before GC invocations=16 (full 0):
 garbage-first heap   total 135168K, used 53901K [0x0000000600000000, 0x0000000800000000)
  region size 4096K, 4 young (16384K), 2 survivors (8192K)
 Metaspace       used 59835K, committed 61056K, reserved 1114112K
  class space    used 7899K, committed 8512K, reserved 1048576K
}
Event: 6.069 GC heap after
{Heap after GC invocations=17 (full 0):
 garbage-first heap   total 135168K, used 50917K [0x0000000600000000, 0x0000000800000000)
  region size 4096K, 2 young (8192K), 2 survivors (8192K)
 Metaspace       used 59835K, committed 61056K, reserved 1114112K
  class space    used 7899K, committed 8512K, reserved 1048576K
}
Event: 6.786 GC heap before
{Heap before GC invocations=18 (full 0):
 garbage-first heap   total 135168K, used 112357K [0x0000000600000000, 0x0000000800000000)
  region size 4096K, 17 young (69632K), 2 survivors (8192K)
 Metaspace       used 65192K, committed 66816K, reserved 1114112K
  class space    used 8826K, committed 9600K, reserved 1048576K
}
Event: 6.792 GC heap after
{Heap after GC invocations=19 (full 0):
 garbage-first heap   total 135168K, used 53384K [0x0000000600000000, 0x0000000800000000)
  region size 4096K, 2 young (8192K), 2 survivors (8192K)
 Metaspace       used 65192K, committed 66816K, reserved 1114112K
  class space    used 8826K, committed 9600K, reserved 1048576K
}
Event: 7.375 GC heap before
{Heap before GC invocations=19 (full 0):
 garbage-first heap   total 135168K, used 110728K [0x0000000600000000, 0x0000000800000000)
  region size 4096K, 16 young (65536K), 2 survivors (8192K)
 Metaspace       used 69656K, committed 71296K, reserved 1114112K
  class space    used 9596K, committed 10368K, reserved 1048576K
}
Event: 7.383 GC heap after
{Heap after GC invocations=20 (full 0):
 garbage-first heap   total 135168K, used 56657K [0x0000000600000000, 0x0000000800000000)
  region size 4096K, 2 young (8192K), 2 survivors (8192K)
 Metaspace       used 69656K, committed 71296K, reserved 1114112K
  class space    used 9596K, committed 10368K, reserved 1048576K
}
Event: 8.854 GC heap before
{Heap before GC invocations=20 (full 0):
 garbage-first heap   total 135168K, used 109905K [0x0000000600000000, 0x0000000800000000)
  region size 4096K, 15 young (61440K), 2 survivors (8192K)
 Metaspace       used 77554K, committed 79296K, reserved 1179648K
  class space    used 10673K, committed 11520K, reserved 1048576K
}
Event: 8.861 GC heap after
{Heap after GC invocations=21 (full 0):
 garbage-first heap   total 135168K, used 61213K [0x0000000600000000, 0x0000000800000000)
  region size 4096K, 2 young (8192K), 2 survivors (8192K)
 Metaspace       used 77554K, committed 79296K, reserved 1179648K
  class space    used 10673K, committed 11520K, reserved 1048576K
}

